INFO  2025-09-07 08:55:24,744 serena.cli:health_check:550 - Starting health check for project: /Users/kostiantyndementiev/PycharmProjects/reddit-data-miner
INFO  2025-09-07 08:55:24,744 serena.cli:health_check:554 - Creating SerenaAgent with disabled dashboard...
INFO  2025-09-07 08:55:24,872 serena.agent:__init__:204 - Starting Serena server (version=0.1.4-ba5346f6-dirty, process id=87251, parent process id=87121)
INFO  2025-09-07 08:55:24,872 serena.agent:__init__:205 - Configuration file: None
INFO  2025-09-07 08:55:24,872 serena.agent:__init__:206 - Available projects: 
INFO  2025-09-07 08:55:24,872 serena.agent:__init__:207 - Loaded tools (36): read_file, create_text_file, list_dir, find_file, replace_regex, delete_lines, replace_lines, insert_at_line, search_for_pattern, restart_language_server, get_symbols_overview, find_symbol, find_referencing_symbols, replace_symbol_body, insert_after_symbol, insert_before_symbol, write_memory, read_memory, list_memories, delete_memory, execute_shell_command, activate_project, remove_project, switch_modes, get_current_config, check_onboarding_performed, onboarding, think_about_collected_information, think_about_task_adherence, think_about_whether_you_are_done, summarize_changes, prepare_for_new_conversation, initial_instructions, jet_brains_find_symbol, jet_brains_find_referencing_symbols, jet_brains_get_symbols_overview
INFO  2025-09-07 08:55:24,872 serena.config.serena_config:apply:106 - SerenaAgentContext[name='desktop-app'] included 1 tools: switch_modes
INFO  2025-09-07 08:55:24,872 serena.agent:__init__:221 - Number of exposed tools: 25
INFO  2025-09-07 08:55:24,885 serena.agent:_update_active_tools:396 - Active tools (25): activate_project, check_onboarding_performed, create_text_file, delete_memory, execute_shell_command, find_file, find_referencing_symbols, find_symbol, get_symbols_overview, insert_after_symbol, insert_before_symbol, list_dir, list_memories, onboarding, prepare_for_new_conversation, read_file, read_memory, replace_regex, replace_symbol_body, search_for_pattern, switch_modes, think_about_collected_information, think_about_task_adherence, think_about_whether_you_are_done, write_memory
INFO  2025-09-07 08:55:24,887 serena.util.file_system:start:329 - Loading of .gitignore files starting ...
INFO  2025-09-07 08:55:24,887 serena.util.file_system:_load_gitignore_files:143 - Processing .gitignore file: /Users/kostiantyndementiev/PycharmProjects/reddit-data-miner/.serena/.gitignore
INFO  2025-09-07 08:55:24,887 serena.util.file_system:_load_gitignore_files:143 - Processing .gitignore file: /Users/kostiantyndementiev/PycharmProjects/reddit-data-miner/.venv/.gitignore
INFO  2025-09-07 08:55:24,888 serena.util.file_system:_load_gitignore_files:143 - Processing .gitignore file: /Users/kostiantyndementiev/PycharmProjects/reddit-data-miner/.idea/.gitignore
INFO  2025-09-07 08:55:24,889 serena.util.file_system:stop:336 - Loading of .gitignore files completed in 0.003 seconds
INFO  2025-09-07 08:55:24,890 serena.agent:load_project_from_path_or_name:471 - Added new project reddit-data-miner for path /Users/kostiantyndementiev/PycharmProjects/reddit-data-miner
INFO  2025-09-07 08:55:24,890 serena.agent:_activate_project:436 - Activating reddit-data-miner at /Users/kostiantyndementiev/PycharmProjects/reddit-data-miner
INFO  2025-09-07 08:55:24,890 serena.agent:_update_active_tools:396 - Active tools (25): activate_project, check_onboarding_performed, create_text_file, delete_memory, execute_shell_command, find_file, find_referencing_symbols, find_symbol, get_symbols_overview, insert_after_symbol, insert_before_symbol, list_dir, list_memories, onboarding, prepare_for_new_conversation, read_file, read_memory, replace_regex, replace_symbol_body, search_for_pattern, switch_modes, think_about_collected_information, think_about_task_adherence, think_about_whether_you_are_done, write_memory
INFO  2025-09-07 08:55:24,890 serena.agent:issue_task:415 - Scheduling Task-1[init_language_server]
INFO  2025-09-07 08:55:24,890 serena.agent:start:329 - Task-1[init_language_server] starting ...
INFO  2025-09-07 08:55:24,890 serena.cli:health_check:557 - SerenaAgent created successfully
INFO  2025-09-07 08:55:24,890 serena.agent:start:329 - Language server initialization starting ...
INFO  2025-09-07 08:55:24,890 serena.cli:health_check:560 - Searching for analyzable files...
INFO  2025-09-07 08:55:24,890 serena.project:create_language_server:299 - Creating language server instance for /Users/kostiantyndementiev/PycharmProjects/reddit-data-miner.
INFO  2025-09-07 08:55:24,926 serena.cli:health_check:569 - Found analyzable file: quick_scrape.py
INFO  2025-09-07 08:55:24,927 serena.cli:health_check:587 - Testing GetSymbolsOverviewTool on file: quick_scrape.py
INFO  2025-09-07 08:55:24,927 serena.agent:issue_task:415 - Scheduling Task-2[<lambda>]
INFO  2025-09-07 08:55:24,962 serena.agent:reset_language_server:588 - Starting the language server for reddit-data-miner
INFO  2025-09-07 08:55:24,962 solidlsp:start:1728 - Starting language server with language python for /Users/kostiantyndementiev/PycharmProjects/reddit-data-miner
INFO  2025-09-07 08:55:24,962 solidlsp:_start_server:172 - Starting pyright-langserver server process
INFO  2025-09-07 08:55:24,962 solidlsp.ls_handler:start:189 - Starting language server process via command: python -m pyright.langserver --stdio
INFO  2025-09-07 08:55:24,964 solidlsp:_start_server:178 - Sending initialize request from LSP client to pyright server and awaiting response
INFO  2025-09-07 08:55:25,208 solidlsp:window_log_message:142 - LSP: window/logMessage: Pyright language server 1.1.405 starting
INFO  2025-09-07 08:55:25,208 solidlsp:window_log_message:142 - LSP: window/logMessage: Server root directory: file:///Users/kostiantyndementiev/.cache/uv/archive-v0/nZbx-3P0jS1XIz-WyFSFv/lib/python3.12/site-packages/pyright/dist/dist
INFO  2025-09-07 08:55:25,208 solidlsp:window_log_message:142 - LSP: window/logMessage: Starting service instance "reddit-data-miner"
INFO  2025-09-07 08:55:25,209 solidlsp:_start_server:183 - Received initialize response from pyright server: {"capabilities": {"textDocumentSync": 2, "definitionProvider": {"workDoneProgress": True}, "declarationProvider": {"workDoneProgress": True}, "typeDefinitionProvider": {"workDoneProgress": True}, "referencesProvider": {"workDoneProgress": True}, "documentSymbolProvider": {"workDoneProgress": True}, "workspaceSymbolProvider": {"workDoneProgress": True}, "hoverProvider": {"workDoneProgress": True}, "documentHighlightProvider": {"workDoneProgress": True}, "renameProvider": {"prepareProvider": True, "workDoneProgress": True}, "completionProvider": {"triggerCharacters": [".", "[", """, """], "resolveProvider": True, "workDoneProgress": True, "completionItem": {"labelDetailsSupport": True}}, "signatureHelpProvider": {"triggerCharacters": ["(", ",", ")"], "workDoneProgress": True}, "codeActionProvider": {"codeActionKinds": ["quickfix", "source.organizeImports"], "workDoneProgress": True}, "executeCommandProvider": {"commands": [], "workDoneProgress": True}, "callHierarchyProvider": True, "workspace": {"workspaceFolders": {"supported": True, "changeNotifications": True}}}}
INFO  2025-09-07 08:55:25,209 solidlsp:_start_server:195 - Waiting for Pyright to complete initial workspace analysis...
INFO  2025-09-07 08:55:25,399 solidlsp:window_log_message:142 - LSP: window/logMessage: No include entries specified; assuming /Users/kostiantyndementiev/PycharmProjects/reddit-data-miner
INFO  2025-09-07 08:55:25,399 solidlsp:window_log_message:142 - LSP: window/logMessage: Auto-excluding **/node_modules
INFO  2025-09-07 08:55:25,399 solidlsp:window_log_message:142 - LSP: window/logMessage: Auto-excluding **/__pycache__
INFO  2025-09-07 08:55:25,400 solidlsp:window_log_message:142 - LSP: window/logMessage: Auto-excluding **/.*
INFO  2025-09-07 08:55:25,400 solidlsp:window_log_message:142 - LSP: window/logMessage: Assuming Python version 3.12.7.final.0
INFO  2025-09-07 08:55:25,415 solidlsp:window_log_message:142 - LSP: window/logMessage: Found 17 source files
INFO  2025-09-07 08:55:25,416 solidlsp:window_log_message:147 - Pyright workspace scanning complete
INFO  2025-09-07 08:55:25,416 solidlsp:_start_server:197 - Pyright initial analysis complete, server ready
INFO  2025-09-07 08:55:25,417 serena.agent:stop:336 - Language server initialization completed in 0.526 seconds
INFO  2025-09-07 08:55:25,417 serena.agent:stop:336 - Task-1[init_language_server] completed in 0.526 seconds
INFO  2025-09-07 08:55:25,417 serena.agent:start:329 - Task-2[<lambda>] starting ...
INFO  2025-09-07 08:55:25,700 serena.agent:stop:336 - Task-2[<lambda>] completed in 0.283 seconds
INFO  2025-09-07 08:55:25,700 serena.cli:health_check:590 - GetSymbolsOverviewTool returned 3 symbols
INFO  2025-09-07 08:55:25,700 serena.cli:health_check:615 - Using symbol for testing: scrape_subreddit (kind: 12)
INFO  2025-09-07 08:55:25,700 serena.cli:health_check:618 - Testing FindSymbolTool for symbol: scrape_subreddit
INFO  2025-09-07 08:55:25,700 serena.agent:issue_task:415 - Scheduling Task-3[<lambda>]
INFO  2025-09-07 08:55:25,700 serena.agent:start:329 - Task-3[<lambda>] starting ...
INFO  2025-09-07 08:55:25,726 serena.agent:stop:336 - Task-3[<lambda>] completed in 0.026 seconds
INFO  2025-09-07 08:55:25,726 serena.cli:health_check:623 - FindSymbolTool found 1 matches for symbol scrape_subreddit
INFO  2025-09-07 08:55:25,726 serena.cli:health_check:626 - Testing FindReferencingSymbolsTool for symbol: scrape_subreddit
INFO  2025-09-07 08:55:25,726 serena.agent:issue_task:415 - Scheduling Task-4[<lambda>]
INFO  2025-09-07 08:55:25,726 serena.agent:start:329 - Task-4[<lambda>] starting ...
INFO  2025-09-07 08:55:27,797 serena.agent:stop:336 - Task-4[<lambda>] completed in 2.071 seconds
INFO  2025-09-07 08:55:27,797 serena.cli:health_check:630 - FindReferencingSymbolsTool found 1 references for symbol scrape_subreddit
INFO  2025-09-07 08:55:27,797 serena.cli:health_check:636 - Testing SearchForPatternTool for pattern: scrape_subreddit
INFO  2025-09-07 08:55:27,797 serena.agent:issue_task:415 - Scheduling Task-5[<lambda>]
INFO  2025-09-07 08:55:27,797 serena.agent:start:329 - Task-5[<lambda>] starting ...
INFO  2025-09-07 08:55:27,825 serena.text_utils:search_files:326 - Processing 17 files.
INFO  2025-09-07 08:55:27,856 serena.text_utils:search_files:367 - Found 2 total matches across 17 files
INFO  2025-09-07 08:55:27,856 serena.agent:stop:336 - Task-5[<lambda>] completed in 0.059 seconds
INFO  2025-09-07 08:55:27,856 serena.cli:health_check:643 - SearchForPatternTool found 2 pattern matches for scrape_subreddit
INFO  2025-09-07 08:55:27,856 serena.cli:health_check:657 - Health check completed successfully
